app/build/outputs/logs/manifest-merger-debug-report.txt
-- Merging decision tree log ---
provider#android.support.v4.content.FileProvider
INJECTED from src/main/AndroidManifest.xml:212:9-220:20
	android:grantUriPermissions
		ADDED from src/main/AndroidManifest.xml:216:13-47
	android:authorities
		INJECTED from src/main/AndroidManifest.xml
		ADDED from src/main/AndroidManifest.xml:214:13-64
	android:exported
		ADDED from src/main/AndroidManifest.xml:215:13-37
	android:name
		ADDED from src/main/AndroidManifest.xml:213:13-67
provider#com.baidu.android.pushservice.PushInfoProvider
INJECTED from src/main/AndroidManifest.xml:291:9-296:102
	android:authorities
		INJECTED from src/main/AndroidManifest.xml
		ADDED from src/main/AndroidManifest.xml:293:13-58
	android:protectionLevel
		ADDED from src/main/AndroidManifest.xml:295:13-48
	android:exported
		ADDED from src/main/AndroidManifest.xml:294:13-36
	android:writePermission
		ADDED from src/main/AndroidManifest.xml:296:13-99
	android:name
		ADDED from src/main/AndroidManifest.xml:292:13-74
manifest
ADDED from src/main/AndroidManifest.xml:2:1-345:12
INJECTED from src/main/AndroidManifest.xml:2:1-345:12
INJECTED from src/main/AndroidManifest.xml:2:1-345:12
INJECTED from src/main/AndroidManifest.xml:2:1-345:12
MERGED from [:common] AndroidManifest.xml:2:1-26:12
MERGED from [cn.yipianfengye.android:zxing-library:2.2] AndroidManifest.xml:2:1-20:12
MERGED from [com.github.jokermonn:permissions4m:2.1.2-lib] AndroidManifest.xml:2:1-16:12
MERGED from [vip.devkit:common.util:1.0.6] AndroidManifest.xml:2:1-28:12
MERGED from [vip.devkit:common.widget:1.3.2] AndroidManifest.xml:2:1-53:12
MERGED from [vip.devkit:common.share:1.1.3] AndroidManifest.xml:2:1-62:12
MERGED from [com.github.mcxtzhang:SuspensionIndexBar:V1.0.0] AndroidManifest.xml:2:1-13:12
MERGED from [vip.devkit:widget.calendarview:1.0.0] AndroidManifest.xml:2:1-16:12
MERGED from [com.android.support:design:26.1.0] AndroidManifest.xml:17:1-31:12
MERGED from [com.android.support:appcompat-v7:26.1.0] AndroidManifest.xml:17:1-31:12
MERGED from [com.zzhoujay.richtext:richtext:3.0.7] AndroidManifest.xml:2:1-12:12
MERGED from [com.alibaba.android:vlayout:1.2.8] AndroidManifest.xml:25:1-35:12
MERGED from [com.github.chrisbanes.photoview:library:1.2.4] AndroidManifest.xml:2:1-11:12
MERGED from [com.android.support:transition:26.1.0] AndroidManifest.xml:17:1-28:12
MERGED from [com.android.support:support-v4:26.1.0] AndroidManifest.xml:17:1-31:12
MERGED from [com.jakewharton:butterknife:8.0.1] AndroidManifest.xml:2:1-7:12
MERGED from [com.zhy:okhttputils:2.6.2] AndroidManifest.xml:2:1-11:12
MERGED from [com.makeramen:roundedimageview:2.3.0] AndroidManifest.xml:2:1-9:12
MERGED from [com.android.support:multidex:1.0.2] AndroidManifest.xml:17:1-22:12
MERGED from [com.android.support.constraint:constraint-layout:1.1.3] AndroidManifest.xml:2:1-11:12
MERGED from [com.king.app:app-updater:1.0] AndroidManifest.xml:2:1-30:12
MERGED from [com.android.support:cardview-v7:26.1.0] AndroidManifest.xml:17:1-28:12
MERGED from [com.android.support:animated-vector-drawable:26.1.0] AndroidManifest.xml:17:1-28:12
MERGED from [com.android.support:support-vector-drawable:26.1.0] AndroidManifest.xml:17:1-28:12
MERGED from [com.android.support:support-fragment:26.1.0] AndroidManifest.xml:17:1-31:12
MERGED from [com.android.support:recyclerview-v7:26.1.0] AndroidManifest.xml:17:1-28:12
MERGED from [com.android.support:support-core-ui:26.1.0] AndroidManifest.xml:17:1-31:12
MERGED from [com.android.support:support-media-compat:26.1.0] AndroidManifest.xml:17:1-31:12
MERGED from [com.android.support:support-core-utils:26.1.0] AndroidManifest.xml:17:1-31:12
MERGED from [com.android.support:support-compat:26.1.0] AndroidManifest.xml:17:1-31:12
MERGED from [com.github.CymChad:BaseRecyclerViewAdapterHelper:2.9.40] AndroidManifest.xml:2:1-11:12
MERGED from [com.contrarywind:Android-PickerView:3.2.7] AndroidManifest.xml:2:1-11:12
MERGED from [com.squareup.leakcanary:leakcanary-android:1.5.4] AndroidManifest.xml:17:1-61:12
MERGED from [com.facebook.stetho:stetho:1.5.0] AndroidManifest.xml:2:1-13:12
MERGED from [pub.devrel:easypermissions:1.0.1] AndroidManifest.xml:2:1-19:12
MERGED from [com.github.lzyzsd:jsbridge:1.0.4] AndroidManifest.xml:2:1-16:12
MERGED from [:AlivcPlayer:] AndroidManifest.xml:2:1-14:12
MERGED from [:AlivcReporter:] AndroidManifest.xml:2:1-17:12
MERGED from [:AliyunVodPlayer:] AndroidManifest.xml:2:1-14:12
MERGED from [:AliyunVodPlayerView:] AndroidManifest.xml:2:1-11:12
MERGED from [com.zzhoujay.markdown:markdown:1.0.5] AndroidManifest.xml:2:1-14:12
MERGED from [com.squareup.leakcanary:leakcanary-analyzer:1.5.4] AndroidManifest.xml:17:1-25:12
MERGED from [io.reactivex:rxandroid:1.2.1] AndroidManifest.xml:15:1-21:12
MERGED from [android.arch.lifecycle:runtime:1.0.0] AndroidManifest.xml:17:1-30:12
INJECTED from src/main/AndroidManifest.xml:2:1-345:12
INJECTED from src/main/AndroidManifest.xml:2:1-345:12
INJECTED from src/main/AndroidManifest.xml:2:1-345:12
	package
		ADDED from src/main/AndroidManifest.xml:3:5-30
		INJECTED from src/main/AndroidManifest.xml
		INJECTED from src/main/AndroidManifest.xml
	android:versionName
		INJECTED from src/main/AndroidManifest.xml
		ADDED from src/main/AndroidManifest.xml:2:1-345:12
		INJECTED from src/main/AndroidManifest.xml
	android:versionCode
		INJECTED from src/main/AndroidManifest.xml
		ADDED from src/main/AndroidManifest.xml:2:1-345:12
		INJECTED from src/main/AndroidManifest.xml
	xmlns:android
		ADDED from src/main/AndroidManifest.xml:2:11-69
uses-permission#android.permission.INTERNET
ADDED from src/main/AndroidManifest.xml:5:5-67
MERGED from [vip.devkit:common.share:1.1.3] AndroidManifest.xml:11:5-67
MERGED from [vip.devkit:common.share:1.1.3] AndroidManifest.xml:11:5-67
MERGED from [:AlivcReporter:] AndroidManifest.xml:12:5-67
MERGED from [:AlivcReporter:] AndroidManifest.xml:12:5-67
	android:name
		ADDED from src/main/AndroidManifest.xml:5:22-64
uses-permission#android.permission.ACCESS_COARSE_LOCATION
ADDED from src/main/AndroidManifest.xml:6:5-81
	android:name
		ADDED from src/main/AndroidManifest.xml:6:22-78
uses-permission#android.permission.ACCESS_FINE_LOCATION
ADDED from src/main/AndroidManifest.xml:7:5-79
	android:name
		ADDED from src/main/AndroidManifest.xml:7:22-76
uses-permission#android.permission.MOUNT_UNMOUNT_FILESYSTEMS
ADDED from src/main/AndroidManifest.xml:8:5-84
MERGED from [vip.devkit:common.widget:1.3.2] AndroidManifest.xml:11:5-84
MERGED from [vip.devkit:common.widget:1.3.2] AndroidManifest.xml:11:5-84
	android:name
		ADDED from src/main/AndroidManifest.xml:8:22-81
uses-permission#android.permission.CHANGE_NETWORK_STATE
ADDED from src/main/AndroidManifest.xml:9:5-79
MERGED from [vip.devkit:common.util:1.0.6] AndroidManifest.xml:19:5-79
MERGED from [vip.devkit:common.util:1.0.6] AndroidManifest.xml:19:5-79
	android:name
		ADDED from src/main/AndroidManifest.xml:9:22-76
uses-permission#android.permission.ACCESS_NETWORK_STATE
ADDED from src/main/AndroidManifest.xml:10:5-79
MERGED from [vip.devkit:common.util:1.0.6] AndroidManifest.xml:18:5-79
MERGED from [vip.devkit:common.util:1.0.6] AndroidManifest.xml:18:5-79
MERGED from [vip.devkit:common.share:1.1.3] AndroidManifest.xml:12:5-79
MERGED from [vip.devkit:common.share:1.1.3] AndroidManifest.xml:12:5-79
MERGED from [:AlivcReporter:] AndroidManifest.xml:11:5-79
MERGED from [:AlivcReporter:] AndroidManifest.xml:11:5-79
	android:name
		ADDED from src/main/AndroidManifest.xml:10:22-76
uses-permission#android.permission.ACCESS_WIFI_STATE
ADDED from src/main/AndroidManifest.xml:11:5-76
MERGED from [vip.devkit:common.util:1.0.6] AndroidManifest.xml:17:5-76
MERGED from [vip.devkit:common.util:1.0.6] AndroidManifest.xml:17:5-76
MERGED from [vip.devkit:common.share:1.1.3] AndroidManifest.xml:13:5-76
MERGED from [vip.devkit:common.share:1.1.3] AndroidManifest.xml:13:5-76
MERGED from [:AlivcPlayer:] AndroidManifest.xml:11:5-76
MERGED from [:AlivcPlayer:] AndroidManifest.xml:11:5-76
MERGED from [:AliyunVodPlayer:] AndroidManifest.xml:11:5-76
MERGED from [:AliyunVodPlayer:] AndroidManifest.xml:11:5-76
	android:name
		ADDED from src/main/AndroidManifest.xml:11:22-73
uses-permission#android.permission.READ_EXTERNAL_STORAGE
ADDED from src/main/AndroidManifest.xml:12:5-80
MERGED from [vip.devkit:common.widget:1.3.2] AndroidManifest.xml:15:5-80
MERGED from [vip.devkit:common.widget:1.3.2] AndroidManifest.xml:15:5-80
MERGED from [com.king.app:app-updater:1.0] AndroidManifest.xml:12:5-80
MERGED from [com.king.app:app-updater:1.0] AndroidManifest.xml:12:5-80
MERGED from [com.squareup.leakcanary:leakcanary-android:1.5.4] AndroidManifest.xml:23:5-80
MERGED from [com.squareup.leakcanary:leakcanary-android:1.5.4] AndroidManifest.xml:23:5-80
	android:name
		ADDED from src/main/AndroidManifest.xml:12:22-77
uses-permission#android.permission.WRITE_EXTERNAL_STORAGE
ADDED from src/main/AndroidManifest.xml:13:5-81
MERGED from [vip.devkit:common.widget:1.3.2] AndroidManifest.xml:13:5-81
MERGED from [vip.devkit:common.widget:1.3.2] AndroidManifest.xml:13:5-81
MERGED from [com.king.app:app-updater:1.0] AndroidManifest.xml:11:5-81
MERGED from [com.king.app:app-updater:1.0] AndroidManifest.xml:11:5-81
MERGED from [com.squareup.leakcanary:leakcanary-android:1.5.4] AndroidManifest.xml:24:5-81
MERGED from [com.squareup.leakcanary:leakcanary-android:1.5.4] AndroidManifest.xml:24:5-81
	android:name
		ADDED from src/main/AndroidManifest.xml:13:22-78
uses-permission#android.permission.CAMERA
ADDED from src/main/AndroidManifest.xml:14:5-65
MERGED from [vip.devkit:common.widget:1.3.2] AndroidManifest.xml:17:5-65
MERGED from [vip.devkit:common.widget:1.3.2] AndroidManifest.xml:17:5-65
	android:name
		ADDED from src/main/AndroidManifest.xml:14:22-62
uses-permission#android.permission.CALL_PHONE
ADDED from src/main/AndroidManifest.xml:15:5-69
	android:name
		ADDED from src/main/AndroidManifest.xml:15:22-66
uses-permission#android.permission.READ_PHONE_STATE
ADDED from src/main/AndroidManifest.xml:16:5-75
MERGED from [com.king.app:app-updater:1.0] AndroidManifest.xml:13:5-75
MERGED from [com.king.app:app-updater:1.0] AndroidManifest.xml:13:5-75
	android:name
		ADDED from src/main/AndroidManifest.xml:16:22-72
uses-permission#android.permission.READ_LOGS
ADDED from src/main/AndroidManifest.xml:17:5-68
	android:name
		ADDED from src/main/AndroidManifest.xml:17:22-65
uses-permission#android.permission.VIBRATE
ADDED from src/main/AndroidManifest.xml:18:5-66
MERGED from [vip.devkit:common.util:1.0.6] AndroidManifest.xml:13:5-66
MERGED from [vip.devkit:common.util:1.0.6] AndroidManifest.xml:13:5-66
	android:name
		ADDED from src/main/AndroidManifest.xml:18:22-63
uses-permission#baidu.push.permission.WRITE_PUSHINFOPROVIDER.com.idyoga.yoga
ADDED from src/main/AndroidManifest.xml:21:5-100
	android:name
		ADDED from src/main/AndroidManifest.xml:21:22-97
uses-permission#android.permission.SYSTEM_ALERT_WINDOW
ADDED from src/main/AndroidManifest.xml:22:5-78
	android:name
		ADDED from src/main/AndroidManifest.xml:22:22-75
uses-permission#android.permission.BLUETOOTH
ADDED from src/main/AndroidManifest.xml:23:5-68
MERGED from [vip.devkit:common.util:1.0.6] AndroidManifest.xml:14:5-68
MERGED from [vip.devkit:common.util:1.0.6] AndroidManifest.xml:14:5-68
	android:name
		ADDED from src/main/AndroidManifest.xml:23:22-65
uses-permission#android.permission.WRITE_SETTINGS
ADDED from src/main/AndroidManifest.xml:24:5-73
MERGED from [vip.devkit:common.util:1.0.6] AndroidManifest.xml:16:5-73
MERGED from [vip.devkit:common.util:1.0.6] AndroidManifest.xml:16:5-73
MERGED from [:AlivcPlayer:] AndroidManifest.xml:12:5-73
MERGED from [:AlivcPlayer:] AndroidManifest.xml:12:5-73
	android:name
		ADDED from src/main/AndroidManifest.xml:24:22-70
uses-permission#android.permission.GET_TASKS
ADDED from src/main/AndroidManifest.xml:25:5-68
	android:name
		ADDED from src/main/AndroidManifest.xml:25:22-65
uses-permission#android.permission.REQUEST_INSTALL_PACKAGES
ADDED from src/main/AndroidManifest.xml:27:5-83
MERGED from [com.king.app:app-updater:1.0] AndroidManifest.xml:14:5-83
MERGED from [com.king.app:app-updater:1.0] AndroidManifest.xml:14:5-83
	android:name
		ADDED from src/main/AndroidManifest.xml:27:22-80
permission#baidu.push.permission.WRITE_PUSHINFOPROVIDER.com.idyoga.yoga
ADDED from src/main/AndroidManifest.xml:29:5-31:44
	android:protectionLevel
		ADDED from src/main/AndroidManifest.xml:31:9-41
	android:name
		ADDED from src/main/AndroidManifest.xml:30:9-84
supports-screens
ADDED from src/main/AndroidManifest.xml:33:5-38:39
	android:largeScreens
		ADDED from src/main/AndroidManifest.xml:35:9-36
	android:smallScreens
		ADDED from src/main/AndroidManifest.xml:38:9-36
	android:normalScreens
		ADDED from src/main/AndroidManifest.xml:36:9-37
	android:resizeable
		ADDED from src/main/AndroidManifest.xml:37:9-34
	android:anyDensity
		ADDED from src/main/AndroidManifest.xml:34:9-34
application
ADDED from src/main/AndroidManifest.xml:40:5-343:19
MERGED from [:common] AndroidManifest.xml:11:5-24:19
MERGED from [:common] AndroidManifest.xml:11:5-24:19
MERGED from [cn.yipianfengye.android:zxing-library:2.2] AndroidManifest.xml:11:5-18:19
MERGED from [cn.yipianfengye.android:zxing-library:2.2] AndroidManifest.xml:11:5-18:19
MERGED from [com.github.jokermonn:permissions4m:2.1.2-lib] AndroidManifest.xml:11:5-14:19
MERGED from [com.github.jokermonn:permissions4m:2.1.2-lib] AndroidManifest.xml:11:5-14:19
MERGED from [vip.devkit:common.util:1.0.6] AndroidManifest.xml:22:5-26:19
MERGED from [vip.devkit:common.util:1.0.6] AndroidManifest.xml:22:5-26:19
MERGED from [vip.devkit:common.widget:1.3.2] AndroidManifest.xml:19:5-51:19
MERGED from [vip.devkit:common.widget:1.3.2] AndroidManifest.xml:19:5-51:19
MERGED from [vip.devkit:common.share:1.1.3] AndroidManifest.xml:15:5-60:19
MERGED from [vip.devkit:common.share:1.1.3] AndroidManifest.xml:15:5-60:19
MERGED from [com.github.mcxtzhang:SuspensionIndexBar:V1.0.0] AndroidManifest.xml:11:5-20
MERGED from [com.github.mcxtzhang:SuspensionIndexBar:V1.0.0] AndroidManifest.xml:11:5-20
MERGED from [vip.devkit:widget.calendarview:1.0.0] AndroidManifest.xml:11:5-14:19
MERGED from [vip.devkit:widget.calendarview:1.0.0] AndroidManifest.xml:11:5-14:19
MERGED from [com.android.support:design:26.1.0] AndroidManifest.xml:25:5-29:19
MERGED from [com.android.support:design:26.1.0] AndroidManifest.xml:25:5-29:19
MERGED from [com.android.support:appcompat-v7:26.1.0] AndroidManifest.xml:25:5-29:19
MERGED from [com.android.support:appcompat-v7:26.1.0] AndroidManifest.xml:25:5-29:19
MERGED from [com.android.support:transition:26.1.0] AndroidManifest.xml:22:5-26:19
MERGED from [com.android.support:transition:26.1.0] AndroidManifest.xml:22:5-26:19
MERGED from [com.android.support:support-v4:26.1.0] AndroidManifest.xml:25:5-29:19
MERGED from [com.android.support:support-v4:26.1.0] AndroidManifest.xml:25:5-29:19
MERGED from [com.android.support.constraint:constraint-layout:1.1.3] AndroidManifest.xml:9:5-20
MERGED from [com.android.support.constraint:constraint-layout:1.1.3] AndroidManifest.xml:9:5-20
MERGED from [com.king.app:app-updater:1.0] AndroidManifest.xml:16:5-28:19
MERGED from [com.king.app:app-updater:1.0] AndroidManifest.xml:16:5-28:19
MERGED from [com.android.support:cardview-v7:26.1.0] AndroidManifest.xml:22:5-26:19
MERGED from [com.android.support:cardview-v7:26.1.0] AndroidManifest.xml:22:5-26:19
MERGED from [com.android.support:animated-vector-drawable:26.1.0] AndroidManifest.xml:22:5-26:19
MERGED from [com.android.support:animated-vector-drawable:26.1.0] AndroidManifest.xml:22:5-26:19
MERGED from [com.android.support:support-vector-drawable:26.1.0] AndroidManifest.xml:22:5-26:19
MERGED from [com.android.support:support-vector-drawable:26.1.0] AndroidManifest.xml:22:5-26:19
MERGED from [com.android.support:support-fragment:26.1.0] AndroidManifest.xml:25:5-29:19
MERGED from [com.android.support:support-fragment:26.1.0] AndroidManifest.xml:25:5-29:19
MERGED from [com.android.support:recyclerview-v7:26.1.0] AndroidManifest.xml:22:5-26:19
MERGED from [com.android.support:recyclerview-v7:26.1.0] AndroidManifest.xml:22:5-26:19
MERGED from [com.android.support:support-core-ui:26.1.0] AndroidManifest.xml:25:5-29:19
MERGED from [com.android.support:support-core-ui:26.1.0] AndroidManifest.xml:25:5-29:19
MERGED from [com.android.support:support-media-compat:26.1.0] AndroidManifest.xml:25:5-29:19
MERGED from [com.android.support:support-media-compat:26.1.0] AndroidManifest.xml:25:5-29:19
MERGED from [com.android.support:support-core-utils:26.1.0] AndroidManifest.xml:25:5-29:19
MERGED from [com.android.support:support-core-utils:26.1.0] AndroidManifest.xml:25:5-29:19
MERGED from [com.android.support:support-compat:26.1.0] AndroidManifest.xml:25:5-29:19
MERGED from [com.android.support:support-compat:26.1.0] AndroidManifest.xml:25:5-29:19
MERGED from [com.squareup.leakcanary:leakcanary-android:1.5.4] AndroidManifest.xml:26:5-59:19
MERGED from [com.squareup.leakcanary:leakcanary-android:1.5.4] AndroidManifest.xml:26:5-59:19
MERGED from [com.facebook.stetho:stetho:1.5.0] AndroidManifest.xml:11:5-20
MERGED from [com.facebook.stetho:stetho:1.5.0] AndroidManifest.xml:11:5-20
MERGED from [pub.devrel:easypermissions:1.0.1] AndroidManifest.xml:11:5-17:19
MERGED from [pub.devrel:easypermissions:1.0.1] AndroidManifest.xml:11:5-17:19
MERGED from [com.github.lzyzsd:jsbridge:1.0.4] AndroidManifest.xml:11:5-14:19
MERGED from [com.github.lzyzsd:jsbridge:1.0.4] AndroidManifest.xml:11:5-14:19
MERGED from [:AlivcReporter:] AndroidManifest.xml:14:5-15:19
MERGED from [:AlivcReporter:] AndroidManifest.xml:14:5-15:19
MERGED from [com.zzhoujay.markdown:markdown:1.0.5] AndroidManifest.xml:12:5-20
MERGED from [com.zzhoujay.markdown:markdown:1.0.5] AndroidManifest.xml:12:5-20
MERGED from [com.squareup.leakcanary:leakcanary-analyzer:1.5.4] AndroidManifest.xml:23:5-20
MERGED from [com.squareup.leakcanary:leakcanary-analyzer:1.5.4] AndroidManifest.xml:23:5-20
MERGED from [android.arch.lifecycle:runtime:1.0.0] AndroidManifest.xml:24:5-28:19
MERGED from [android.arch.lifecycle:runtime:1.0.0] AndroidManifest.xml:24:5-28:19
	android:supportsRtl
		ADDED from src/main/AndroidManifest.xml:45:9-35
	android:label
		ADDED from src/main/AndroidManifest.xml:44:9-41
	android:icon
		ADDED from src/main/AndroidManifest.xml:43:9-40
	android:allowBackup
		ADDED from src/main/AndroidManifest.xml:42:9-35
	android:theme
		ADDED from src/main/AndroidManifest.xml:46:9-40
	android:name
		ADDED from src/main/AndroidManifest.xml:41:9-40
activity#com.idyoga.yoga.activity.loading.WelcomeActivity
ADDED from src/main/AndroidManifest.xml:47:9-56:20
	android:screenOrientation
		ADDED from src/main/AndroidManifest.xml:49:13-49
	android:theme
		ADDED from src/main/AndroidManifest.xml:50:13-47
	android:name
		ADDED from src/main/AndroidManifest.xml:48:13-61
intent-filter#android.intent.action.MAIN+android.intent.category.LAUNCHER
ADDED from src/main/AndroidManifest.xml:51:13-55:29
action#android.intent.action.MAIN
ADDED from src/main/AndroidManifest.xml:52:17-69
	android:name
		ADDED from src/main/AndroidManifest.xml:52:25-66
category#android.intent.category.LAUNCHER
ADDED from src/main/AndroidManifest.xml:54:17-77
	android:name
		ADDED from src/main/AndroidManifest.xml:54:27-74
activity#com.idyoga.yoga.activity.loading.SetCityActivity
ADDED from src/main/AndroidManifest.xml:57:9-70
	android:name
		ADDED from src/main/AndroidManifest.xml:57:19-67
activity#com.idyoga.yoga.activity.MainActivity
ADDED from src/main/AndroidManifest.xml:58:9-59
	android:name
		ADDED from src/main/AndroidManifest.xml:58:19-56
activity#com.idyoga.yoga.activity.qrc.SaoErWeiMaActivity
ADDED from src/main/AndroidManifest.xml:59:9-61:45
	android:launchMode
		ADDED from src/main/AndroidManifest.xml:61:13-42
	android:name
		ADDED from src/main/AndroidManifest.xml:60:13-60
activity#com.idyoga.yoga.activity.qrc.ScanResultActivity
ADDED from src/main/AndroidManifest.xml:62:9-69
	android:name
		ADDED from src/main/AndroidManifest.xml:62:19-66
activity#com.idyoga.yoga.activity.user.LoginActivity
ADDED from src/main/AndroidManifest.xml:63:9-65
	android:name
		ADDED from src/main/AndroidManifest.xml:63:19-62
activity#com.idyoga.yoga.activity.user.RegisterActivity
ADDED from src/main/AndroidManifest.xml:64:9-66:67
	android:windowSoftInputMode
		ADDED from src/main/AndroidManifest.xml:66:13-64
	android:name
		ADDED from src/main/AndroidManifest.xml:65:13-59
activity#com.idyoga.yoga.activity.user.MineMakeInfoActivity
ADDED from src/main/AndroidManifest.xml:67:9-72
	android:name
		ADDED from src/main/AndroidManifest.xml:67:19-69
activity#com.idyoga.yoga.activity.user.ForgetPwdActivity
ADDED from src/main/AndroidManifest.xml:68:9-69
	android:name
		ADDED from src/main/AndroidManifest.xml:68:19-66
activity#com.idyoga.yoga.activity.user.UpdatePwdActivity
ADDED from src/main/AndroidManifest.xml:69:9-69
	android:name
		ADDED from src/main/AndroidManifest.xml:69:19-66
activity#com.idyoga.yoga.activity.card.MembershipCardActivity
ADDED from src/main/AndroidManifest.xml:70:9-74
	android:name
		ADDED from src/main/AndroidManifest.xml:70:19-71
activity#com.idyoga.yoga.activity.card.CardDetailsActivity
ADDED from src/main/AndroidManifest.xml:71:9-71
	android:name
		ADDED from src/main/AndroidManifest.xml:71:19-68
activity#com.idyoga.yoga.activity.card.InValidChildCardListActivity
ADDED from src/main/AndroidManifest.xml:72:9-80
	android:name
		ADDED from src/main/AndroidManifest.xml:72:19-77
activity#com.idyoga.yoga.activity.user.AccountActivity
ADDED from src/main/AndroidManifest.xml:73:9-67
	android:name
		ADDED from src/main/AndroidManifest.xml:73:19-64
activity#com.idyoga.yoga.activity.course.CourseActivity
ADDED from src/main/AndroidManifest.xml:74:9-68
	android:name
		ADDED from src/main/AndroidManifest.xml:74:19-65
activity#com.idyoga.yoga.activity.course.CourseDetailsActivity
ADDED from src/main/AndroidManifest.xml:75:9-75
	android:name
		ADDED from src/main/AndroidManifest.xml:75:19-72
activity#com.idyoga.yoga.activity.course.StayConfirmCourseDetailActivity
ADDED from src/main/AndroidManifest.xml:76:9-85
	android:name
		ADDED from src/main/AndroidManifest.xml:76:19-82
activity#com.idyoga.yoga.activity.loading.LoadingActivity
ADDED from src/main/AndroidManifest.xml:77:9-79:46
	android:launchMode
		ADDED from src/main/AndroidManifest.xml:79:13-43
	android:name
		ADDED from src/main/AndroidManifest.xml:78:13-61
activity#com.idyoga.yoga.activity.home.SubjectVideoActivity
ADDED from src/main/AndroidManifest.xml:80:9-84:52
	android:screenOrientation
		ADDED from src/main/AndroidManifest.xml:84:13-49
	android:launchMode
		ADDED from src/main/AndroidManifest.xml:83:13-43
	android:configChanges
		ADDED from src/main/AndroidManifest.xml:82:13-68
	android:name
		ADDED from src/main/AndroidManifest.xml:81:13-63
activity#com.idyoga.yoga.activity.video.VodModeActivity
ADDED from src/main/AndroidManifest.xml:85:9-68
	android:name
		ADDED from src/main/AndroidManifest.xml:85:19-65
activity#com.idyoga.yoga.activity.home.AppointmentIntroductionActivity
ADDED from src/main/AndroidManifest.xml:86:9-83
	android:name
		ADDED from src/main/AndroidManifest.xml:86:19-80
activity#com.idyoga.yoga.activity.home.ExperienceLessonAppointmentActivity
ADDED from src/main/AndroidManifest.xml:87:9-87
	android:name
		ADDED from src/main/AndroidManifest.xml:87:19-84
activity#com.idyoga.yoga.activity.home.SubjectListActivity
ADDED from src/main/AndroidManifest.xml:88:9-71
	android:name
		ADDED from src/main/AndroidManifest.xml:88:19-68
activity#com.idyoga.yoga.activity.web.YogaWebActivity
ADDED from src/main/AndroidManifest.xml:89:9-90:45
	android:launchMode
		ADDED from src/main/AndroidManifest.xml:90:13-43
	android:name
		ADDED from src/main/AndroidManifest.xml:89:19-63
activity#com.idyoga.yoga.activity.web.WebActivity
ADDED from src/main/AndroidManifest.xml:91:9-62
	android:name
		ADDED from src/main/AndroidManifest.xml:91:19-59
activity#com.idyoga.yoga.activity.home.LessonAppointmentResultActivity
ADDED from src/main/AndroidManifest.xml:92:9-83
	android:name
		ADDED from src/main/AndroidManifest.xml:92:19-80
activity#com.idyoga.yoga.activity.setting.SettingActivity
ADDED from src/main/AndroidManifest.xml:93:9-70
	android:name
		ADDED from src/main/AndroidManifest.xml:93:19-67
activity#com.idyoga.yoga.activity.setting.AboutActivity
ADDED from src/main/AndroidManifest.xml:94:9-68
	android:name
		ADDED from src/main/AndroidManifest.xml:94:19-65
activity#com.idyoga.yoga.activity.setting.FeedbackActivity
ADDED from src/main/AndroidManifest.xml:95:9-71
	android:name
		ADDED from src/main/AndroidManifest.xml:95:19-68
activity#com.idyoga.yoga.activity.lbs.LbsActivity
ADDED from src/main/AndroidManifest.xml:96:9-62
	android:name
		ADDED from src/main/AndroidManifest.xml:96:19-59
activity#com.idyoga.yoga.activity.course.UserStudyCourseActivity
ADDED from src/main/AndroidManifest.xml:97:9-77
	android:name
		ADDED from src/main/AndroidManifest.xml:97:19-74
activity#com.idyoga.yoga.activity.web.YogaGymDetailsActivity
ADDED from src/main/AndroidManifest.xml:98:9-73
	android:name
		ADDED from src/main/AndroidManifest.xml:98:19-70
activity#com.idyoga.yoga.activity.web.YogaGymClassifyActivity
ADDED from src/main/AndroidManifest.xml:99:9-74
	android:name
		ADDED from src/main/AndroidManifest.xml:99:19-71
activity#com.idyoga.yoga.activity.web.YogaGymCourseDetailsActivity
ADDED from src/main/AndroidManifest.xml:100:9-79
	android:name
		ADDED from src/main/AndroidManifest.xml:100:19-76
activity#com.idyoga.yoga.activity.web.ExperienceCourseClassifyActivity
ADDED from src/main/AndroidManifest.xml:101:9-83
	android:name
		ADDED from src/main/AndroidManifest.xml:101:19-80
activity#com.idyoga.yoga.activity.web.ExperienceCourseClassifyDetailsActivity
ADDED from src/main/AndroidManifest.xml:102:9-90
	android:name
		ADDED from src/main/AndroidManifest.xml:102:19-87
activity#com.idyoga.yoga.activity.web.OfflineCourseDetailsActivity
ADDED from src/main/AndroidManifest.xml:103:9-79
	android:name
		ADDED from src/main/AndroidManifest.xml:103:19-76
activity#com.idyoga.yoga.activity.web.ExperienceCourseDetailsActivity
ADDED from src/main/AndroidManifest.xml:104:9-82
	android:name
		ADDED from src/main/AndroidManifest.xml:104:19-79
activity#com.idyoga.yoga.activity.web.TutorDetailsActivity
ADDED from src/main/AndroidManifest.xml:105:9-71
	android:name
		ADDED from src/main/AndroidManifest.xml:105:19-68
activity#com.idyoga.yoga.activity.web.UserCardDetailsActivity
ADDED from src/main/AndroidManifest.xml:106:9-74
	android:name
		ADDED from src/main/AndroidManifest.xml:106:19-71
activity#com.idyoga.yoga.activity.web.UserCardListActivity
ADDED from src/main/AndroidManifest.xml:107:9-71
	android:name
		ADDED from src/main/AndroidManifest.xml:107:19-68
activity#com.idyoga.yoga.activity.web.VideoCourseDetailsActivity
ADDED from src/main/AndroidManifest.xml:108:9-77
	android:name
		ADDED from src/main/AndroidManifest.xml:108:19-74
activity#com.idyoga.yoga.activity.web.ClassifyChooseActivity
ADDED from src/main/AndroidManifest.xml:109:9-73
	android:name
		ADDED from src/main/AndroidManifest.xml:109:19-70
activity#com.idyoga.yoga.activity.web.ConsultActivity
ADDED from src/main/AndroidManifest.xml:110:9-66
	android:name
		ADDED from src/main/AndroidManifest.xml:110:19-63
activity#com.idyoga.yoga.activity.news.NewsActivity
ADDED from src/main/AndroidManifest.xml:111:9-64
	android:name
		ADDED from src/main/AndroidManifest.xml:111:19-61
activity#com.idyoga.yoga.activity.news.NewsDetailsActivity
ADDED from src/main/AndroidManifest.xml:112:9-71
	android:name
		ADDED from src/main/AndroidManifest.xml:112:19-68
activity#com.idyoga.yoga.activity.search.SearchLeadActivity
ADDED from src/main/AndroidManifest.xml:113:9-72
	android:name
		ADDED from src/main/AndroidManifest.xml:113:19-69
activity#com.idyoga.yoga.activity.search.SearchActivity
ADDED from src/main/AndroidManifest.xml:114:9-68
	android:name
		ADDED from src/main/AndroidManifest.xml:114:19-65
activity#com.idyoga.yoga.activity.course.ClassifyChoiceActivity
ADDED from src/main/AndroidManifest.xml:115:9-76
	android:name
		ADDED from src/main/AndroidManifest.xml:115:19-73
activity#com.idyoga.yoga.activity.tutor.TutorListActivity
ADDED from src/main/AndroidManifest.xml:116:9-70
	android:name
		ADDED from src/main/AndroidManifest.xml:116:19-67
activity#com.idyoga.yoga.activity.tutor.TutorSelectActivity
ADDED from src/main/AndroidManifest.xml:117:9-72
	android:name
		ADDED from src/main/AndroidManifest.xml:117:19-69
activity#com.idyoga.yoga.activity.tutor.TutorDetailActivity
ADDED from src/main/AndroidManifest.xml:118:9-72
	android:name
		ADDED from src/main/AndroidManifest.xml:118:19-69
activity#com.idyoga.yoga.activity.tutor.TutorVideoCourseActivity
ADDED from src/main/AndroidManifest.xml:119:9-77
	android:name
		ADDED from src/main/AndroidManifest.xml:119:19-74
activity#com.idyoga.yoga.activity.shop.ShopSelectActivity
ADDED from src/main/AndroidManifest.xml:120:9-70
	android:name
		ADDED from src/main/AndroidManifest.xml:120:19-67
activity#com.idyoga.yoga.activity.shop.ShopListActivity
ADDED from src/main/AndroidManifest.xml:121:9-68
	android:name
		ADDED from src/main/AndroidManifest.xml:121:19-65
activity#com.idyoga.yoga.activity.shop.ShopOfflineCourseActivity
ADDED from src/main/AndroidManifest.xml:122:9-77
	android:name
		ADDED from src/main/AndroidManifest.xml:122:19-74
activity#com.idyoga.yoga.activity.shop.ShopExperienceCourseActivity
ADDED from src/main/AndroidManifest.xml:123:9-80
	android:name
		ADDED from src/main/AndroidManifest.xml:123:19-77
activity#com.idyoga.yoga.activity.course.ExperienceCourseListActivity
ADDED from src/main/AndroidManifest.xml:124:9-82
	android:name
		ADDED from src/main/AndroidManifest.xml:124:19-79
activity#com.idyoga.yoga.activity.course.ExperienceCourseClassifyActivity
ADDED from src/main/AndroidManifest.xml:125:9-86
	android:name
		ADDED from src/main/AndroidManifest.xml:125:19-83
activity#com.idyoga.yoga.activity.course.OfflineCourseBuyActivity